0 info it worked if it ends with ok
1 verbose cli [ 'node', '/usr/local/bin/npm', 'run', 'mocha' ]
2 info using npm@1.4.28
3 info using node@v0.10.35
4 verbose run-script [ 'premocha', 'mocha', 'postmocha' ]
5 info premocha microservice-template-node@0.0.1
6 info mocha microservice-template-node@0.0.1
7 verbose unsafe-perm in lifecycle true
8 info microservice-template-node@0.0.1 Failed to exec mocha script
9 error microservice-template-node@0.0.1 mocha: `./node_modules/mocha/bin/mocha tests --recursive`
9 error Exit status 2
10 error Failed at the microservice-template-node@0.0.1 mocha script.
10 error This is most likely a problem with the microservice-template-node package,
10 error not with npm itself.
10 error Tell the author that this fails on your system:
10 error     ./node_modules/mocha/bin/mocha tests --recursive
10 error You can get their info via:
10 error     npm owner ls microservice-template-node
10 error There is likely additional logging output above.
11 error System Darwin 14.0.0
12 error command "node" "/usr/local/bin/npm" "run" "mocha"
13 error cwd /Users/kristina/proyectos/cloudFrame/microservice-template-node
14 error node -v v0.10.35
15 error npm -v 1.4.28
16 error code ELIFECYCLE
17 verbose exit [ 1, true ]
